*** Using Compiler 'V5.06 update 3 (build 300)', folder: 'D:\Application\Keil_v5\ARM\ARMCC\Bin'
Build target 'PICO'
assembling startup_stm32f072xb.s...
compiling stm32f0xx_hal_rcc_ex.c...
compiling lcd.c...
compiling gpio.c...
compiling stm32f0xx_hal.c...
compiling stm32f0xx_hal_spi_ex.c...
compiling main.c...
compiling stm32f0xx_it.c...
compiling spi.c...
compiling stm32f0xx_hal_i2c_ex.c...
compiling stm32f0xx_hal_msp.c...
compiling stm32f0xx_hal_spi.c...
compiling stm32f0xx_hal_rcc.c...
compiling stm32f0xx_hal_i2c.c...
compiling stm32f0xx_hal_gpio.c...
compiling stm32f0xx_hal_dma.c...
compiling stm32f0xx_hal_pwr_ex.c...
compiling stm32f0xx_hal_cortex.c...
compiling stm32f0xx_hal_tim_ex.c...
compiling stm32f0xx_hal_pwr.c...
compiling stm32f0xx_hal_flash_ex.c...
compiling stm32f0xx_hal_tim.c...
compiling stm32f0xx_hal_flash.c...
compiling system_stm32f0xx.c...
compiling stm32f0xx_hal_exti.c...
linking...
Program Size: Code=5704 RO-data=272 RW-data=16 ZI-data=1736  
FromELF: creating hex file...
"PICO\PICO.axf" - 0 Error(s), 0 Warning(s).
Build Time Elapsed:  00:00:05
