*** Using Compiler 'V5.06 update 7 (build 960)', folder: 'D:\APP\Keil_v5\ARM\arm5_compiler\Bin'
Build target 'EXTI_KEY_Hal'
assembling startup_stm32f103xe.s...
compiling stm32f1xx_hal_msp.c...
compiling main.c...
compiling stm32f1xx_hal_rcc_ex.c...
compiling stm32f1xx_hal_gpio.c...
compiling stm32f1xx_hal_flash.c...
compiling stm32f1xx_hal_tim.c...
compiling stm32f1xx_hal_exti.c...
compiling stm32f1xx_it.c...
compiling stm32f1xx_hal_tim_ex.c...
compiling stm32f1xx_hal_gpio_ex.c...
compiling stm32f1xx_hal.c...
compiling stm32f1xx_hal_flash_ex.c...
compiling stm32f1xx_hal_cortex.c...
compiling gpio.c...
compiling system_stm32f1xx.c...
compiling stm32f1xx_hal_pwr.c...
compiling stm32f1xx_hal_rcc.c...
compiling stm32f1xx_hal_dma.c...
linking...
Program Size: Code=2992 RO-data=372 RW-data=16 ZI-data=1632  
FromELF: creating hex file...
"EXTI_KEY_Hal\EXTI_KEY_Hal.axf" - 0 Error(s), 0 Warning(s).
Build Time Elapsed:  00:00:02
