*** Using Compiler 'V5.06 update 3 (build 300)', folder: 'D:\Application\Keil_v5\ARM\ARMCC\Bin'
Build target 'DMA_Mem2Mem_Hal'
assembling startup_stm32f103xe.s...
compiling dma.c...
compiling usart.c...
compiling stm32f1xx_hal.c...
compiling stm32f1xx_hal_tim_ex.c...
compiling stm32f1xx_it.c...
compiling main.c...
compiling gpio.c...
compiling stm32f1xx_hal_gpio_ex.c...
compiling stm32f1xx_hal_rcc_ex.c...
compiling stm32f1xx_hal_msp.c...
compiling stm32f1xx_hal_rcc.c...
compiling stm32f1xx_hal_tim.c...
compiling stm32f1xx_hal_uart.c...
compiling stm32f1xx_hal_gpio.c...
compiling stm32f1xx_hal_pwr.c...
compiling stm32f1xx_hal_cortex.c...
compiling system_stm32f1xx.c...
compiling stm32f1xx_hal_flash.c...
compiling stm32f1xx_hal_dma.c...
compiling stm32f1xx_hal_flash_ex.c...
compiling stm32f1xx_hal_exti.c...
linking...
Program Size: Code=5344 RO-data=384 RW-data=24 ZI-data=1168  
FromELF: creating hex file...
"DMA_Mem2Mem_Hal\DMA_Mem2Mem_Hal.axf" - 0 Error(s), 0 Warning(s).
Build Time Elapsed:  00:00:04
